PulseMobileClients/PulseAndroidStudioClient/app/build/outputs/logs/manifest-merger-debug-report.txt
-- Merging decision tree log ---
manifest
ADDED from src/main/AndroidManifest.xml:28:1-110:12
	package
		ADDED from src/main/AndroidManifest.xml:29:5-41
		INJECTED from src/main/AndroidManifest.xml
		INJECTED from src/main/AndroidManifest.xml
	android:versionName
		ADDED from src/main/AndroidManifest.xml:31:5-39
		INJECTED from src/main/AndroidManifest.xml
		INJECTED from src/main/AndroidManifest.xml
	android:versionCode
		ADDED from src/main/AndroidManifest.xml:30:5-29
		INJECTED from src/main/AndroidManifest.xml
		INJECTED from src/main/AndroidManifest.xml
	xmlns:android
		ADDED from src/main/AndroidManifest.xml:28:11-69
uses-permission#android.permission.ACCESS_NETWORK_STATE
ADDED from src/main/AndroidManifest.xml:34:5-79
	android:name
		ADDED from src/main/AndroidManifest.xml:34:22-76
uses-permission#android.permission.RECORD_AUDIO
ADDED from src/main/AndroidManifest.xml:35:5-71
	android:name
		ADDED from src/main/AndroidManifest.xml:35:22-68
uses-permission#android.permission.INTERNET
ADDED from src/main/AndroidManifest.xml:36:5-67
	android:name
		ADDED from src/main/AndroidManifest.xml:36:22-64
uses-permission#android.permission.WRITE_EXTERNAL_STORAGE
ADDED from src/main/AndroidManifest.xml:37:5-81
	android:name
		ADDED from src/main/AndroidManifest.xml:37:22-78
uses-permission#android.permission.ACCESS_COARSE_LOCATION
ADDED from src/main/AndroidManifest.xml:38:5-81
	android:name
		ADDED from src/main/AndroidManifest.xml:38:22-78
uses-permission#android.permission.WAKE_LOCK
ADDED from src/main/AndroidManifest.xml:39:5-68
	android:name
		ADDED from src/main/AndroidManifest.xml:39:22-65
uses-permission#android.permission.CHANGE_WIFI_STATE
ADDED from src/main/AndroidManifest.xml:40:5-76
	android:name
		ADDED from src/main/AndroidManifest.xml:40:22-73
uses-permission#android.permission.READ_PHONE_STATE
ADDED from src/main/AndroidManifest.xml:41:5-75
	android:name
		ADDED from src/main/AndroidManifest.xml:41:22-72
uses-sdk
ADDED from src/main/AndroidManifest.xml:43:5-45:41
	android:targetSdkVersion
		ADDED from src/main/AndroidManifest.xml:45:9-38
		INJECTED from src/main/AndroidManifest.xml
		INJECTED from src/main/AndroidManifest.xml
	android:minSdkVersion
		ADDED from src/main/AndroidManifest.xml:44:9-35
		INJECTED from src/main/AndroidManifest.xml
		INJECTED from src/main/AndroidManifest.xml
application
ADDED from src/main/AndroidManifest.xml:47:5-108:19
	android:label
		ADDED from src/main/AndroidManifest.xml:51:9-41
	android:allowBackup
		ADDED from src/main/AndroidManifest.xml:49:9-35
	android:icon
		ADDED from src/main/AndroidManifest.xml:50:9-45
	android:theme
		ADDED from src/main/AndroidManifest.xml:52:10-50
	android:name
		ADDED from src/main/AndroidManifest.xml:48:10-63
activity#ch.ethz.coss.nervous.pulse.MainActivity
ADDED from src/main/AndroidManifest.xml:53:9-67:20
	android:clearTaskOnLaunch
		ADDED from src/main/AndroidManifest.xml:57:13-46
	android:label
		ADDED from src/main/AndroidManifest.xml:55:13-45
	android:launchMode
		ADDED from src/main/AndroidManifest.xml:56:13-48
	android:name
		ADDED from src/main/AndroidManifest.xml:54:13-67
intent-filter#android.intent.action.MAIN+android.intent.category.LAUNCHER
ADDED from src/main/AndroidManifest.xml:58:13-61:29
action#android.intent.action.MAIN
ADDED from src/main/AndroidManifest.xml:59:17-69
	android:name
		ADDED from src/main/AndroidManifest.xml:59:25-66
category#android.intent.category.LAUNCHER
ADDED from src/main/AndroidManifest.xml:60:17-77
	android:name
		ADDED from src/main/AndroidManifest.xml:60:27-74
intent-filter#android.intent.action.SEND+android.intent.category.DEFAULT
ADDED from src/main/AndroidManifest.xml:62:14-66:21
action#android.intent.action.SEND
ADDED from src/main/AndroidManifest.xml:63:9-61
	android:name
		ADDED from src/main/AndroidManifest.xml:63:17-58
category#android.intent.category.DEFAULT
ADDED from src/main/AndroidManifest.xml:64:9-68
	android:name
		ADDED from src/main/AndroidManifest.xml:64:19-65
data
ADDED from src/main/AndroidManifest.xml:65:9-47
	android:mimeType
		ADDED from src/main/AndroidManifest.xml:65:15-44
activity#ch.ethz.coss.nervous.pulse.activities.SensorReadingActivity
ADDED from src/main/AndroidManifest.xml:68:9-72:20
	android:label
		ADDED from src/main/AndroidManifest.xml:70:13-45
	android:noHistory
		ADDED from src/main/AndroidManifest.xml:71:13-37
	android:name
		ADDED from src/main/AndroidManifest.xml:69:13-87
activity#ch.ethz.coss.nervous.pulse.activities.LightSensorReadingActivity
ADDED from src/main/AndroidManifest.xml:73:9-77:20
	android:label
		ADDED from src/main/AndroidManifest.xml:75:13-45
	android:noHistory
		ADDED from src/main/AndroidManifest.xml:76:13-37
	android:name
		ADDED from src/main/AndroidManifest.xml:74:13-92
activity#ch.ethz.coss.nervous.pulse.activities.NoiseSensorReadingActivity
ADDED from src/main/AndroidManifest.xml:78:9-82:20
	android:label
		ADDED from src/main/AndroidManifest.xml:80:13-45
	android:noHistory
		ADDED from src/main/AndroidManifest.xml:81:13-37
	android:name
		ADDED from src/main/AndroidManifest.xml:79:5-84
activity#ch.ethz.coss.nervous.pulse.activities.TextMessageUploadActivity
ADDED from src/main/AndroidManifest.xml:83:10-87:20
	android:label
		ADDED from src/main/AndroidManifest.xml:85:13-45
	android:noHistory
		ADDED from src/main/AndroidManifest.xml:86:13-37
	android:name
		ADDED from src/main/AndroidManifest.xml:84:13-91
activity#ch.ethz.coss.nervous.pulse.TestActivity
ADDED from src/main/AndroidManifest.xml:88:9-91:20
	android:label
		ADDED from src/main/AndroidManifest.xml:90:13-45
	android:name
		ADDED from src/main/AndroidManifest.xml:89:13-67
activity#ch.ethz.coss.nervous.pulse.activities.SettingsActivity
ADDED from src/main/AndroidManifest.xml:92:10-96:25
	android:label
		ADDED from src/main/AndroidManifest.xml:94:13-45
	android:noHistory
		ADDED from src/main/AndroidManifest.xml:95:13-37
	android:name
		ADDED from src/main/AndroidManifest.xml:93:13-82
activity#ch.ethz.coss.nervous.pulse.activities.AboutActivity
ADDED from src/main/AndroidManifest.xml:97:10-101:20
	android:label
		ADDED from src/main/AndroidManifest.xml:99:13-45
	android:noHistory
		ADDED from src/main/AndroidManifest.xml:100:13-37
	android:name
		ADDED from src/main/AndroidManifest.xml:98:10-76
activity#ch.ethz.coss.nervous.pulse.activities.HelpActivity
ADDED from src/main/AndroidManifest.xml:102:9-106:20
	android:label
		ADDED from src/main/AndroidManifest.xml:104:13-45
	android:noHistory
		ADDED from src/main/AndroidManifest.xml:105:13-37
	android:name
		ADDED from src/main/AndroidManifest.xml:103:10-75